<?xml version="1.0" encoding="UTF-8"?>
<!-- Generated by org.testng.reporters.JUnitReportReporter -->
<testsuite skipped="0" hostname="HP" name="com.qa.flipcart.testcases.LoginPageTestCases" tests="3" failures="0" timestamp="27 Feb 2018 09:31:25 GMT" time="5.580" errors="0">
  <testcase name="LoginPageTitleTest" time="0.215" classname="com.qa.flipcart.testcases.LoginPageTestCases"/>
  <testcase name="LoginLogoTest" time="0.107" classname="com.qa.flipcart.testcases.LoginPageTestCases"/>
  <testcase name="LoginFuncTest" time="5.258" classname="com.qa.flipcart.testcases.LoginPageTestCases"/>
</testsuite> <!-- com.qa.flipcart.testcases.LoginPageTestCases -->
