<?xml version="1.0" encoding="UTF-8"?>
<!-- Generated by org.testng.reporters.JUnitReportReporter -->
<testsuite skipped="0" hostname="HP" name="com.qa.flipcart.testcases.SearchPageTestCases" tests="1" failures="0" timestamp="27 Feb 2018 09:43:27 GMT" time="4.619" errors="0">
  <testcase name="test" time="4.619" classname="com.qa.flipcart.testcases.SearchPageTestCases"/>
</testsuite> <!-- com.qa.flipcart.testcases.SearchPageTestCases -->
